-------------------------------------------------------------------------------
Test set: com.service.rest.tutorialApi.TutorialApiApplicationTests
-------------------------------------------------------------------------------
Tests run: 1, Failures: 0, Errors: 1, Skipped: 0, Time elapsed: 0.773 s <<< FAILURE! - in com.service.rest.tutorialApi.TutorialApiApplicationTests
com.service.rest.tutorialApi.TutorialApiApplicationTests  Time elapsed: 0.769 s  <<< ERROR!
java.lang.IllegalStateException: Unable to find a @SpringBootConfiguration, you need to use @ContextConfiguration or @SpringBootTest(classes=...) with your test

