<?xml version="1.0" encoding="UTF-8"?>
<testsuite xmlns:xsi="http://www.w3.org/2001/XMLSchema-instance" xsi:noNamespaceSchemaLocation="https://maven.apache.org/surefire/maven-surefire-plugin/xsd/surefire-test-report.xsd" name="com.service.rest.tutorialApi.TutorialApiApplicationTests" time="0.773" tests="1" errors="1" skipped="0" failures="0">
  <properties>
[...]
</properties>
  <testcase name="com.service.rest.tutorialApi.TutorialApiApplicationTests" classname="com.service.rest.tutorialApi.TutorialApiApplicationTests" time="0.769">
    <error message="Unable to find a @SpringBootConfiguration, you need to use @ContextConfiguration or @SpringBootTest(classes=...) with your test" type="java.lang.IllegalStateException">java.lang.IllegalStateException: Unable to find a @SpringBootConfiguration, you need to use @ContextConfiguration or @SpringBootTest(classes=...) with your test
</error>
    <system-out><![CDATA[00:18:15.061 [main] DEBUG org.springframework.test.context.BootstrapUtils - Instantiating CacheAwareContextLoaderDelegate from class [org.springframework.test.context.cache.DefaultCacheAwareContextLoaderDelegate]
00:18:15.083 [main] DEBUG org.springframework.test.context.BootstrapUtils - Instantiating BootstrapContext using constructor [public org.springframework.test.context.support.DefaultBootstrapContext(java.lang.Class,org.springframework.test.context.CacheAwareContextLoaderDelegate)]
00:18:15.156 [main] DEBUG org.springframework.test.context.BootstrapUtils - Instantiating TestContextBootstrapper for test class [com.service.rest.tutorialApi.TutorialApiApplicationTests] from class [org.springframework.boot.test.context.SpringBootTestContextBootstrapper]
00:18:15.253 [main] INFO org.springframework.boot.test.context.SpringBootTestContextBootstrapper - Neither @ContextConfiguration nor @ContextHierarchy found for test class [com.service.rest.tutorialApi.TutorialApiApplicationTests], using SpringBootContextLoader
00:18:15.261 [main] DEBUG org.springframework.test.context.support.AbstractContextLoader - Did not detect default resource location for test class [com.service.rest.tutorialApi.TutorialApiApplicationTests]: class path resource [com/service/rest/tutorialApi/TutorialApiApplicationTests-context.xml] does not exist
00:18:15.262 [main] DEBUG org.springframework.test.context.support.AbstractContextLoader - Did not detect default resource location for test class [com.service.rest.tutorialApi.TutorialApiApplicationTests]: class path resource [com/service/rest/tutorialApi/TutorialApiApplicationTestsContext.groovy] does not exist
00:18:15.262 [main] INFO org.springframework.test.context.support.AbstractContextLoader - Could not detect default resource locations for test class [com.service.rest.tutorialApi.TutorialApiApplicationTests]: no resource found for suffixes {-context.xml, Context.groovy}.
00:18:15.263 [main] INFO org.springframework.test.context.support.AnnotationConfigContextLoaderUtils - Could not detect default configuration classes for test class [com.service.rest.tutorialApi.TutorialApiApplicationTests]: TutorialApiApplicationTests does not declare any static, non-private, non-final, nested classes annotated with @Configuration.
00:18:15.412 [main] DEBUG org.springframework.test.context.support.ActiveProfilesUtils - Could not find an 'annotation declaring class' for annotation type [org.springframework.test.context.ActiveProfiles] and class [com.service.rest.tutorialApi.TutorialApiApplicationTests]
00:18:15.538 [main] DEBUG org.springframework.test.context.BootstrapUtils - Instantiating CacheAwareContextLoaderDelegate from class [org.springframework.test.context.cache.DefaultCacheAwareContextLoaderDelegate]
00:18:15.539 [main] DEBUG org.springframework.test.context.BootstrapUtils - Instantiating BootstrapContext using constructor [public org.springframework.test.context.support.DefaultBootstrapContext(java.lang.Class,org.springframework.test.context.CacheAwareContextLoaderDelegate)]
00:18:15.541 [main] DEBUG org.springframework.test.context.BootstrapUtils - Instantiating TestContextBootstrapper for test class [com.service.rest.tutorialApi.TutorialApiApplicationTests] from class [org.springframework.boot.test.context.SpringBootTestContextBootstrapper]
00:18:15.542 [main] INFO org.springframework.boot.test.context.SpringBootTestContextBootstrapper - Neither @ContextConfiguration nor @ContextHierarchy found for test class [com.service.rest.tutorialApi.TutorialApiApplicationTests], using SpringBootContextLoader
00:18:15.543 [main] DEBUG org.springframework.test.context.support.AbstractContextLoader - Did not detect default resource location for test class [com.service.rest.tutorialApi.TutorialApiApplicationTests]: class path resource [com/service/rest/tutorialApi/TutorialApiApplicationTests-context.xml] does not exist
00:18:15.545 [main] DEBUG org.springframework.test.context.support.AbstractContextLoader - Did not detect default resource location for test class [com.service.rest.tutorialApi.TutorialApiApplicationTests]: class path resource [com/service/rest/tutorialApi/TutorialApiApplicationTestsContext.groovy] does not exist
00:18:15.545 [main] INFO org.springframework.test.context.support.AbstractContextLoader - Could not detect default resource locations for test class [com.service.rest.tutorialApi.TutorialApiApplicationTests]: no resource found for suffixes {-context.xml, Context.groovy}.
00:18:15.546 [main] INFO org.springframework.test.context.support.AnnotationConfigContextLoaderUtils - Could not detect default configuration classes for test class [com.service.rest.tutorialApi.TutorialApiApplicationTests]: TutorialApiApplicationTests does not declare any static, non-private, non-final, nested classes annotated with @Configuration.
00:18:15.552 [main] DEBUG org.springframework.test.context.support.ActiveProfilesUtils - Could not find an 'annotation declaring class' for annotation type [org.springframework.test.context.ActiveProfiles] and class [com.service.rest.tutorialApi.TutorialApiApplicationTests]
00:18:15.591 [main] DEBUG org.springframework.test.context.BootstrapUtils - Instantiating CacheAwareContextLoaderDelegate from class [org.springframework.test.context.cache.DefaultCacheAwareContextLoaderDelegate]
00:18:15.592 [main] DEBUG org.springframework.test.context.BootstrapUtils - Instantiating BootstrapContext using constructor [public org.springframework.test.context.support.DefaultBootstrapContext(java.lang.Class,org.springframework.test.context.CacheAwareContextLoaderDelegate)]
00:18:15.595 [main] DEBUG org.springframework.test.context.BootstrapUtils - Instantiating TestContextBootstrapper for test class [com.service.rest.tutorialApi.TutorialApiApplicationTests] from class [org.springframework.boot.test.context.SpringBootTestContextBootstrapper]
00:18:15.602 [main] INFO org.springframework.boot.test.context.SpringBootTestContextBootstrapper - Neither @ContextConfiguration nor @ContextHierarchy found for test class [com.service.rest.tutorialApi.TutorialApiApplicationTests], using SpringBootContextLoader
00:18:15.603 [main] DEBUG org.springframework.test.context.support.AbstractContextLoader - Did not detect default resource location for test class [com.service.rest.tutorialApi.TutorialApiApplicationTests]: class path resource [com/service/rest/tutorialApi/TutorialApiApplicationTests-context.xml] does not exist
00:18:15.604 [main] DEBUG org.springframework.test.context.support.AbstractContextLoader - Did not detect default resource location for test class [com.service.rest.tutorialApi.TutorialApiApplicationTests]: class path resource [com/service/rest/tutorialApi/TutorialApiApplicationTestsContext.groovy] does not exist
00:18:15.605 [main] INFO org.springframework.test.context.support.AbstractContextLoader - Could not detect default resource locations for test class [com.service.rest.tutorialApi.TutorialApiApplicationTests]: no resource found for suffixes {-context.xml, Context.groovy}.
00:18:15.605 [main] INFO org.springframework.test.context.support.AnnotationConfigContextLoaderUtils - Could not detect default configuration classes for test class [com.service.rest.tutorialApi.TutorialApiApplicationTests]: TutorialApiApplicationTests does not declare any static, non-private, non-final, nested classes annotated with @Configuration.
00:18:15.608 [main] DEBUG org.springframework.test.context.support.ActiveProfilesUtils - Could not find an 'annotation declaring class' for annotation type [org.springframework.test.context.ActiveProfiles] and class [com.service.rest.tutorialApi.TutorialApiApplicationTests]
]]></system-out>
  </testcase>
</testsuite>